Connecting to MySQL
MySQL Ping Timeout: 28740 seconds
Connected to MySQL server
Server started on port 29000 and is listening.
User connected from 127.0.0.1
User disconnected
Connecting to MySQL
MySQL Ping Timeout: 28740 seconds
Connected to MySQL server
Server started on port 29000 and is listening.
User connected from 127.0.0.1
(SID:424) Client sent illegal block.
User disconnected
Connecting to MySQL
MySQL Ping Timeout: 28740 seconds
Connected to MySQL server
Server started on port 29000 and is listening.
Connecting to MySQL
MySQL Ping Timeout: 28740 seconds
Connected to MySQL server
Server started on port 29000 and is listening.
Connecting to MySQL
MySQL Ping Timeout: 28740 seconds
Connected to MySQL server
Server started on port 29000 and is listening.
User connected from 127.0.0.1
(SID:428) Client sent illegal block.
User disconnected
Connecting to MySQL
MySQL Ping Timeout: 28740 seconds
Connected to MySQL server
Server started on port 29000 and is listening.
User connected from 127.0.0.1
(SID:376) Client sent illegal block.
User disconnected
Connecting to MySQL
MySQL Ping Timeout: 28740 seconds
Connected to MySQL server
Server started on port 29000 and is listening.
User connected from 127.0.0.1
(SID:408) Client sent illegal block.
User disconnected
Connecting to MySQL
MySQL Ping Timeout: 28740 seconds
Connected to MySQL server
Server started on port 29000 and is listening.
User connected from 127.0.0.1
Connecting to MySQL
MySQL Ping Timeout: 28740 seconds
Connected to MySQL server
Server started on port 29000 and is listening.
User connected from 127.0.0.1
User disconnected
Connecting to MySQL
MySQL Ping Timeout: 28740 seconds
Connected to MySQL server
Server started on port 29000 and is listening.
Connecting to MySQL
MySQL Ping Timeout: 28740 seconds
Connected to MySQL server
Server started on port 29000 and is listening.
User connected from 127.0.0.1
(SID:424) Client sent illegal block.
User disconnected
Connecting to MySQL
MySQL Ping Timeout: 28740 seconds
Connected to MySQL server
Server started on port 29000 and is listening.
User connected from 127.0.0.1
Packet received from Client
Packet size 6
Packet Offset 0
Bytes to read 6
(SID:408) Client sent illegal block.
User disconnected
Connecting to MySQL
MySQL Ping Timeout: 28740 seconds
Connected to MySQL server
Server started on port 29000 and is listening.
User connected from 127.0.0.1
Packet received from Client
Packet size 6
Packet Offset 0
Bytes to read 6
Byte: 0 value 102
Byte: 1 value 45
Byte: 2 value 10
Byte: 3 value 144
Byte: 4 value 184
Byte: 5 value 171
(SID:408) Client sent illegal block.
User disconnected
Connecting to MySQL
MySQL Ping Timeout: 28740 seconds
Connected to MySQL server
Server started on port 29000 and is listening.
User connected from 127.0.0.1
Packet received from Client
Packet size 6
Packet Offset 0
Bytes to read 6
Byte: 0 value 6985540
Byte: 1 value 6985541
Byte: 2 value 6985542
Byte: 3 value 6985543
Byte: 4 value 6985544
Byte: 5 value 6985545
(SID:408) Client sent illegal block.
User disconnected
Connecting to MySQL
MySQL Ping Timeout: 28740 seconds
Connected to MySQL server
Server started on port 29000 and is listening.
User connected from 127.0.0.1
Packet received from Client
Packet size 6
Packet Offset 0
Bytes to read 6
Connecting to MySQL
MySQL Ping Timeout: 28740 seconds
Connected to MySQL server
Server started on port 29000 and is listening.
User connected from 127.0.0.1
Packet received from Client
Packet size 6
Packet Offset 0
Bytes to read 6
Connecting to MySQL
MySQL Ping Timeout: 28740 seconds
Connected to MySQL server
Server started on port 29000 and is listening.
User connected from 127.0.0.1
Packet received from Client
Packet size 6
Packet Offset 0
Bytes to read 6
Byte: 0 value 102
Byte: 1 value 45
Byte: 2 value 10
Byte: 3 value 144
Byte: 4 value 184
Byte: 5 value 171
(SID:408) Client sent illegal block.
User disconnected
Connecting to MySQL
MySQL Ping Timeout: 28740 seconds
Connected to MySQL server
Server started on port 29000 and is listening.
User connected from 127.0.0.1
Packet received from Client
Packet size 6
Packet Offset 0
Bytes to read 6
Byte: 0 value 102
Byte: 1 value 45
Byte: 2 value 10
Byte: 3 value 144
Byte: 4 value 184
Byte: 5 value 171
Connecting to MySQL
MySQL Ping Timeout: 28740 seconds
Connected to MySQL server
Server started on port 29000 and is listening.
User connected from 127.0.0.1
Packet received from Client
Packet size 6
Packet Offset 0
Bytes to read 6
Byte: 0 value 102
Byte: 1 value 45
Byte: 2 value 10
Byte: 3 value 144
Byte: 4 value 184
Byte: 5 value 171
Header size 11622
Connecting to MySQL
MySQL Ping Timeout: 28740 seconds
Connected to MySQL server
Server started on port 29000 and is listening.
User connected from 127.0.0.1
Packet received from Client
Packet size 6
Packet Offset 0
Bytes to read 6
Byte: 0 value 102
Byte: 1 value 45
Byte: 2 value 10
Byte: 3 value 144
Byte: 4 value 184
Byte: 5 value 171
Packet received from Client
Packet size 11622
Packet Offset 6
Bytes to read 11616
User disconnected
User connected from 127.0.0.1
Packet received from Client
Packet size 6
Packet Offset 0
Bytes to read 6
Byte: 0 value 102
Byte: 1 value 45
Byte: 2 value 10
Byte: 3 value 144
Byte: 4 value 184
Byte: 5 value 171
Packet received from Client
Packet size 11622
Packet Offset 6
Bytes to read 11616
User disconnected
Connecting to MySQL
MySQL Ping Timeout: 28740 seconds
Connected to MySQL server
Could not bind socket
Connecting to MySQL
MySQL Ping Timeout: 28740 seconds
Connected to MySQL server
Server started on port 29000 and is listening.
User connected from 127.0.0.1
Packet received from Client
Packet size 6
Packet Offset 0
Bytes to read 6
Byte: 0 value 102
Byte: 1 value 45
Byte: 2 value 10
Byte: 3 value 144
Byte: 4 value 184
Byte: 5 value 171
Packet received from Client
Packet size 11622
Packet Offset 6
Bytes to read 11616
User disconnected
Connecting to MySQL
MySQL Ping Timeout: 28740 seconds
Connected to MySQL server
Server started on port 29000 and is listening.
User connected from 127.0.0.1
Packet received from Client
Packet size 6
Packet Offset 0
Bytes to read 6
Received Bytes 6
Byte: 0 value 102
Byte: 1 value 45
Byte: 2 value 10
Byte: 3 value 144
Byte: 4 value 184
Byte: 5 value 171
Connecting to MySQL
MySQL Ping Timeout: 28740 seconds
Connected to MySQL server
Server started on port 29000 and is listening.
User connected from 127.0.0.1
Packet received from Client
Packet size 6
Packet Offset 0
Bytes to read 6
Received Bytes 6
Byte: 0 value 102
Byte: 1 value 45
Byte: 2 value 10
Byte: 3 value 144
Byte: 4 value 184
Byte: 5 value 171
Packet size is greater than 6. Continue receiving
Packet received from Client
Packet size 11622
Packet Offset 6
Bytes to read 11616
User disconnected
Connecting to MySQL
MySQL Ping Timeout: 28740 seconds
Connected to MySQL server
Server started on port 29000 and is listening.
User connected from 127.0.0.1
Packet received from Client
Packet size 6
Packet Offset 0
Bytes to read 6
Received Bytes 6
Byte: 0 value 66
Byte: 1 value 2d
Byte: 2 value 0a
Byte: 3 value 90
Byte: 4 value b8
Byte: 5 value ab
Packet size is greater than 6. Continue receiving
Connecting to MySQL
MySQL Ping Timeout: 28740 seconds
Connected to MySQL server
Server started on port 29000 and is listening.
User connected from 127.0.0.1
Packet received from Client
Packet size 6
Packet Offset 0
Bytes to read 6
Received Bytes 6
Byte: 0 value 06
Byte: 1 value 00
Byte: 2 value 03
Byte: 3 value 07
Byte: 4 value 00
Byte: 5 value 00
(SID:376) Client sent illegal block.
User disconnected
Connecting to MySQL
MySQL Ping Timeout: 28740 seconds
Connected to MySQL server
Server started on port 29000 and is listening.
User connected from 127.0.0.1
Packet received from Client
Packet size 6
Packet Offset 0
Bytes to read 6
Received Bytes 6
Byte: 0 value 06
Byte: 1 value 00
Byte: 2 value 03
Byte: 3 value 07
Byte: 4 value 00
Byte: 5 value 00
Guess Packet size must still be 6 if it got here 6
Connecting to MySQL
MySQL Ping Timeout: 28740 seconds
Connected to MySQL server
Server started on port 29000 and is listening.
User connected from 127.0.0.1
Packet received from Client
Packet size 6
Packet Offset 0
Bytes to read 6
Received Bytes 6
Byte: 0 value 06
Byte: 1 value 00
Byte: 2 value 03
Byte: 3 value 07
Byte: 4 value 00
Byte: 5 value 00
Guess Packet size must still be 6 if it got here 6
Connecting to MySQL
MySQL Ping Timeout: 28740 seconds
Connected to MySQL server
Server started on port 29000 and is listening.
User connected from 127.0.0.1
Packet received from Client
Packet size 6
Packet Offset 0
Bytes to read 6
Received Bytes 6
Byte: 0 value 06
Byte: 1 value 00
Byte: 2 value 03
Byte: 3 value 07
Byte: 4 value 00
Byte: 5 value 00
Guess Packet size must still be 6 if it got here 6
not runing CryptPacket since it's not coming in encrypted anyway
created CPacket* pak
Packet received from Client with command 703 
Sending a packet
Reached end of receivePackets
Connecting to MySQL
MySQL Ping Timeout: 28740 seconds
Connected to MySQL server
Server started on port 29000 and is listening.
User connected from 127.0.0.1
Packet received from Client
Packet size 6
Packet Offset 0
Bytes to read 6
Received Bytes 6
Byte: 0 value 06
Byte: 1 value 00
Byte: 2 value 03
Byte: 3 value 07
Byte: 4 value 00
Byte: 5 value 00
Guess Packet size must still be 6 if it got here 6
not runing CryptPacket since it's not coming in encrypted anyway
created CPacket* pak
Packet received from Client with command 703 
Sending a packet
Reached end of receivePackets
Packet received from Client
Packet size 6
Packet Offset 0
Bytes to read 6
Received Bytes 0
User disconnected
Connecting to MySQL
MySQL Ping Timeout: 28740 seconds
Connected to MySQL server
Server started on port 29000 and is listening.
User connected from 127.0.0.1
Packet received from Client
Packet size 6
Packet Offset 0
Bytes to read 6
Received Bytes 6
Byte: 0 value 06
Byte: 1 value 00
Byte: 2 value 03
Byte: 3 value 07
Byte: 4 value 00
Byte: 5 value 00
Guess Packet size must still be 6 if it got here 6
not runing CryptPacket since it's not coming in encrypted anyway
created CPacket* pak
Packet received from Client with command 703 
Sending a packet
Reached end of receivePackets
Packet received from Client
Packet size 6
Packet Offset 0
Bytes to read 6
Received Bytes 0
User disconnected
User connected from 127.0.0.1
Packet received from Client
Packet size 6
Packet Offset 0
Bytes to read 6
Received Bytes 6
Byte: 0 value 06
Byte: 1 value 00
Byte: 2 value 03
Byte: 3 value 07
Byte: 4 value 00
Byte: 5 value 00
Guess Packet size must still be 6 if it got here 6
not runing CryptPacket since it's not coming in encrypted anyway
created CPacket* pak
Packet received from Client with command 703 
Sending a packet
Reached end of receivePackets
Packet received from Client
Packet size 6
Packet Offset 0
Bytes to read 6
Received Bytes 0
User disconnected
User connected from 127.0.0.1
Packet received from Client
Packet size 6
Packet Offset 0
Bytes to read 6
Received Bytes 6
Byte: 0 value 06
Byte: 1 value 00
Byte: 2 value 03
Byte: 3 value 07
Byte: 4 value 00
Byte: 5 value 00
Guess Packet size must still be 6 if it got here 6
not runing CryptPacket since it's not coming in encrypted anyway
created CPacket* pak
Packet received from Client with command 703 
Sending a packet
Reached end of receivePackets
Packet received from Client
Packet size 6
Packet Offset 0
Bytes to read 6
Received Bytes 0
User disconnected
Connecting to MySQL
MySQL Ping Timeout: 28740 seconds
Connected to MySQL server
Server started on port 29000 and is listening.
User connected from 127.0.0.1
Packet received from Client
Packet size 6
Packet Offset 0
Bytes to read 6
Received Bytes 6
Byte: 0 value 06
Byte: 1 value 00
Byte: 2 value 03
Byte: 3 value 07
Byte: 4 value 00
Byte: 5 value 00
Guess Packet size must still be 6 if it got here 6
not runing CryptPacket since it's not coming in encrypted anyway
created CPacket* pak
Packet received from Client with command 703 
Sending a packet
Reached end of receivePackets
Packet received from Client
Packet size 6
Packet Offset 0
Bytes to read 6
Received Bytes 0
User disconnected
User connected from 127.0.0.1
Packet received from Client
Packet size 6
Packet Offset 0
Bytes to read 6
Received Bytes 6
Byte: 0 value 06
Byte: 1 value 00
Byte: 2 value 03
Byte: 3 value 07
Byte: 4 value 00
Byte: 5 value 00
Guess Packet size must still be 6 if it got here 6
not runing CryptPacket since it's not coming in encrypted anyway
created CPacket* pak
Packet received from Client with command 703 
Sending a packet
Reached end of receivePackets
Connecting to MySQL
MySQL Ping Timeout: 28740 seconds
Connected to MySQL server
Server started on port 29000 and is listening.
User connected from 127.0.0.1
Packet received from Client
Packet size 6
Packet Offset 0
Bytes to read 6
Received Bytes 6
 659db0
Guess Packet size must still be 6 if it got here 6
not runing CryptPacket since it's not coming in encrypted anyway
created CPacket* pak
Packet received from Client with command 703 
Sending a packet
Reached end of receivePackets
Packet received from Client
Packet size 6
Packet Offset 0
Bytes to read 6
Received Bytes 0
User disconnected
Connecting to MySQL
MySQL Ping Timeout: 28740 seconds
Connected to MySQL server
Server started on port 29000 and is listening.
User connected from 127.0.0.1
Packet received from Client
Packet size 6
Packet Offset 0
Bytes to read 6
Received Bytes 6
Packet received from Client with command 703 
Sending a packet
Packet received from Client
Packet size 6
Packet Offset 0
Bytes to read 6
Received Bytes 0
User disconnected
Connecting to MySQL
MySQL Ping Timeout: 28740 seconds
Connected to MySQL server
Server started on port 29000 and is listening.
User connected from 127.0.0.1
Packet Received containing Bytes 6
Packet received from Client with command 703 
Sending a packet
Connecting to MySQL
MySQL Ping Timeout: 28740 seconds
Connected to MySQL server
Server started on port 29000 and is listening.
User connected from 127.0.0.1
Packet Received containing Bytes 6
Sending a packet
Packet Received containing Bytes 0
User disconnected
User connected from 127.0.0.1
Packet Received containing Bytes 6
Sending a packet
Packet Received containing Bytes 0
User disconnected
Connecting to MySQL
MySQL Ping Timeout: 28740 seconds
Connected to MySQL server
Could not bind socket
Connecting to MySQL
MySQL Ping Timeout: 28740 seconds
Connected to MySQL server
Server started on port 29000 and is listening.
User connected from 127.0.0.1
Packet Received containing Bytes 6
Sending a packet
Packet Received containing Bytes 0
User disconnected
User connected from 127.0.0.1
Packet Received containing Bytes 6
Sending a packet
Packet Received containing Bytes -1
User disconnected
Connecting to MySQL
MySQL Ping Timeout: 28740 seconds
Connected to MySQL server
Server started on port 29000 and is listening.
User connected from 127.0.0.1
Packet Received containing Bytes 6
Sending a packet
Packet Received containing Bytes -1
User disconnected
User connected from 127.0.0.1
Packet Received containing Bytes 6
Sending a packet
Packet Received containing Bytes -1
User disconnected
Connecting to MySQL
MySQL Ping Timeout: 28740 seconds
Connected to MySQL server
Server started on port 29000 and is listening.
User connected from 127.0.0.1
Packet Received containing Bytes 6
Sending a packet
Packet Received containing Bytes -1
User disconnected
Connecting to MySQL
MySQL Ping Timeout: 28740 seconds
Connected to MySQL server
Server started on port 29000 and is listening.
User connected from 127.0.0.1
Packet Received containing Bytes 6
Sending a packet
Packet Received containing Bytes -1
User disconnected
Connecting to MySQL
MySQL Ping Timeout: 28740 seconds
Connected to MySQL server
Server started on port 29000 and is listening.
User connected from 127.0.0.1
Packet Received containing Bytes 6
Sending a packet with size 11
Packet Received containing Bytes -1
User disconnected
Connecting to MySQL
MySQL Ping Timeout: 28740 seconds
Connected to MySQL server
Server started on port 29000 and is listening.
User connected from 127.0.0.1
Packet Received containing Bytes 6
Sending a packet with size 11
Packet Received containing Bytes 0
User disconnected
User connected from 127.0.0.1
Packet Received containing Bytes 6
Sending a packet with size 11
Packet Received containing Bytes -1
User disconnected
User connected from 127.0.0.1
Packet Received containing Bytes 6
Sending a packet with size 11
Packet Received containing Bytes 0
User disconnected
User connected from 127.0.0.1
Packet Received containing Bytes 6
Sending a packet with size 11
Packet Received containing Bytes -1
User disconnected
User connected from 127.0.0.1
Packet Received containing Bytes 6
Sending a packet with size 11
Packet Received containing Bytes 0
User disconnected
User connected from 127.0.0.1
Packet Received containing Bytes 6
Sending a packet with size 11
Packet Received containing Bytes 0
User disconnected
User connected from 127.0.0.1
Packet Received containing Bytes 6
Sending a packet with size 11
Packet Received containing Bytes -1
User disconnected
Connecting to MySQL
MySQL Ping Timeout: 28740 seconds
Connected to MySQL server
Server started on port 29000 and is listening.
User connected from 127.0.0.1
Packet Received containing Bytes 6
Sending a packet with size 11
Packet Received containing Bytes -1
User disconnected
Connecting to MySQL
MySQL Ping Timeout: 28740 seconds
Connected to MySQL server
Server started on port 29000 and is listening.
User connected from 127.0.0.1
Packet Received containing Bytes 6
Sending a packet with size 11
Packet Received containing Bytes 0
User disconnected
User connected from 127.0.0.1
Packet Received containing Bytes 6
Sending a packet with size 11
Packet Received containing Bytes 0
User disconnected
User connected from 127.0.0.1
Packet Received containing Bytes 6
Sending a packet with size 11
Packet Received containing Bytes 0
User disconnected
User connected from 127.0.0.1
Packet Received containing Bytes 6
Sending a packet with size 11
Packet Received containing Bytes 0
User disconnected
User connected from 127.0.0.1
Packet Received containing Bytes 6
Sending a packet with size 11
Packet Received containing Bytes 0
User disconnected
Connecting to MySQL
MySQL Ping Timeout: 28740 seconds
Connected to MySQL server
Server started on port 29000 and is listening.
User connected from 127.0.0.1
Packet Received containing Bytes 6
Sending a packet containing 11 bytes
Packet Received containing Bytes 0
User disconnected
User connected from 127.0.0.1
Packet Received containing Bytes 6
Sending a packet containing 11 bytes
Packet Received containing Bytes 0
User disconnected
User connected from 127.0.0.1
Packet Received containing Bytes 6
Sending a packet containing 11 bytes
Packet Received containing Bytes 0
User disconnected
Connecting to MySQL
MySQL Ping Timeout: 28740 seconds
Connected to MySQL server
Could not bind socket
User connected from 127.0.0.1
Packet Received containing Bytes 6
Sending a packet containing 11 bytes
Packet Received containing Bytes -1
User disconnected
User connected from 127.0.0.1
Packet Received containing Bytes 6
Sending a packet containing 11 bytes
Packet Received containing Bytes 0
User disconnected
Connecting to MySQL
MySQL Ping Timeout: 28740 seconds
Connected to MySQL server
Server started on port 29000 and is listening.
User connected from 127.0.0.1
Packet Received containing Bytes 6
Sending a packet containing 11 bytes
Packet Received containing Bytes -1
User disconnected
User connected from 127.0.0.1
Packet Received containing Bytes 6
Sending a packet containing 11 bytes
Packet Received containing Bytes -1
User disconnected
Connecting to MySQL
MySQL Ping Timeout: 28740 seconds
Connected to MySQL server
Server started on port 29000 and is listening.
User connected from 127.0.0.1
Packet Received containing Bytes 6
Sending a packet containing 11 bytes
Packet Received containing Bytes 0
User disconnected
User connected from 127.0.0.1
Packet Received containing Bytes 6
Sending a packet containing 11 bytes
Packet Received containing Bytes 0
User disconnected
User connected from 127.0.0.1
Packet Received containing Bytes 6
Sending a packet containing 11 bytes
Packet Received containing Bytes 0
User disconnected
User connected from 127.0.0.1
Packet Received containing Bytes 6
Sending a packet containing 11 bytes
Packet Received containing Bytes -1
User disconnected
User connected from 127.0.0.1
Packet Received containing Bytes 6
Sending a packet containing 11 bytes
Packet Received containing Bytes 6
Packet size is 50. Continue receiving
Packet Received containing Bytes 44
Sending a packet containing 25 bytes
Packet Received containing Bytes 6
Packet size is 10. Continue receiving
Packet Received containing Bytes 4
Sending a packet containing 26 bytes
Packet Received containing Bytes 6
Packet size is 11. Continue receiving
Packet Received containing Bytes 5
Sending a packet containing 27 bytes
Packet Received containing Bytes -1
User disconnected
User connected from 127.0.0.1
Packet Received containing Bytes 6
Sending a packet containing 11 bytes
Packet Received containing Bytes 6
Packet size is 50. Continue receiving
Packet Received containing Bytes 44
Sending a packet containing 25 bytes
Packet Received containing Bytes 6
Packet size is 10. Continue receiving
Packet Received containing Bytes 4
Sending a packet containing 26 bytes
Packet Received containing Bytes 6
Packet size is 11. Continue receiving
Packet Received containing Bytes 5
Sending a packet containing 27 bytes
Packet Received containing Bytes 0
User disconnected
Connecting to MySQL
MySQL Ping Timeout: 28740 seconds
Connected to MySQL server
Server started on port 29000 and is listening.
User connected from 127.0.0.1
Packet Received containing Bytes 6
Sending (SID: 00002047) containing 11 bytes
Packet Received containing Bytes 6
Packet size is 50. Continue receiving
Packet Received containing Bytes 44
Sending (SID: 00001800) containing 25 bytes
Packet Received containing Bytes 6
Packet size is 10. Continue receiving
Packet Received containing Bytes 4
Sending (SID: 00001796) containing 26 bytes
Packet Received containing Bytes 6
Packet size is 11. Continue receiving
Packet Received containing Bytes 5
Sending (SID: 00001802) containing 27 bytes
Packet Received containing Bytes -1
User disconnected
Connecting to MySQL
MySQL Ping Timeout: 28740 seconds
Connected to MySQL server
Server started on port 29000 and is listening.
User connected from 127.0.0.1
Received 0703 containing Bytes 6
Sending pak 07ff containing 11 bytes
Received 0708 containing Bytes 50
Sending pak 0708 containing 25 bytes
Received 0704 containing Bytes 10
Sending pak 0704 containing 26 bytes
Received 070a containing Bytes 11
Sending pak 070a containing 27 bytes
User disconnected
User connected from 127.0.0.1
Received 0703 containing Bytes 6
Sending pak 07ff containing 11 bytes
Received 0708 containing Bytes 50
Sending pak 0708 containing 25 bytes
Received 0704 containing Bytes 10
Sending pak 0704 containing 26 bytes
Received 070a containing Bytes 11
Sending pak 070a containing 27 bytes
User disconnected
Connecting to MySQL
MySQL Ping Timeout: 28740 seconds
Connected to MySQL server
Server started on port 29000 and is listening.
User connected from 127.0.0.1
Received 0703 containing Bytes 6
Sending pak 07ff containing 11 bytes
Received 0708 containing Bytes 50
Sending pak 0708 containing 25 bytes
Received 0704 containing Bytes 10
Sending pak 0704 containing 26 bytes
Received 070a containing Bytes 11
Sending pak 070a containing 27 bytes
User disconnected
User connected from 127.0.0.1
Received 0703 containing Bytes 6
Sending pak 07ff containing 11 bytes
Received 0708 containing Bytes 50
Sending pak 0708 containing 25 bytes
Received 0704 containing Bytes 10
Sending pak 0704 containing 26 bytes
Received 070a containing Bytes 11
Sending pak 070a containing 27 bytes
User disconnected
User connected from 127.0.0.1
Received 0703 containing Bytes 6
Sending pak 07ff containing 11 bytes
Received 0708 containing Bytes 50
Sending pak 0708 containing 25 bytes
Received 0704 containing Bytes 10
Sending pak 0704 containing 26 bytes
Received 070a containing Bytes 11
Sending pak 070a containing 27 bytes
User disconnected
User connected from 127.0.0.1
Received 0703 containing Bytes 6
Sending pak 07ff containing 11 bytes
Received 0708 containing Bytes 50
Sending pak 0708 containing 25 bytes
Received 0704 containing Bytes 10
Sending pak 0704 containing 26 bytes
Received 070a containing Bytes 11
Sending pak 070a containing 27 bytes
User disconnected
User connected from 127.0.0.1
Received 0703 containing Bytes 6
Sending pak 07ff containing 11 bytes
Received 0708 containing Bytes 50
Sending pak 0708 containing 25 bytes
Received 0704 containing Bytes 10
Sending pak 0704 containing 26 bytes
Received 070a containing Bytes 11
Sending pak 070a containing 27 bytes
User disconnected
User connected from 127.0.0.1
Received 0703 containing Bytes 6
Sending pak 07ff containing 11 bytes
Received 0708 containing Bytes 50
Sending pak 0708 containing 25 bytes
Received 0704 containing Bytes 10
Sending pak 0704 containing 26 bytes
Received 070a containing Bytes 11
Sending pak 070a containing 27 bytes
User disconnected
Connecting to MySQL
MySQL Ping Timeout: 28740 seconds
Connected to MySQL server
Server started on port 29000 and is listening.
Connecting to MySQL
MySQL Ping Timeout: 28740 seconds
Connected to MySQL server
Server started on port 29000 and is listening.
User connected from 127.0.0.1
Received 0703 containing Bytes 6
Sending pak 07ff containing 11 bytes
Received 0708 containing Bytes 50
Sending pak 0708 containing 25 bytes
Received 0704 containing Bytes 10
Sending pak 0704 containing 26 bytes
Received 070a containing Bytes 11
Sending pak 070a containing 27 bytes
User disconnected
User connected from 127.0.0.1
Received 0703 containing Bytes 6
Sending pak 07ff containing 11 bytes
Received 0708 containing Bytes 50
Sending pak 0708 containing 25 bytes
Received 0704 containing Bytes 10
Sending pak 0704 containing 26 bytes
Received 070a containing Bytes 11
Sending pak 070a containing 27 bytes
User disconnected
User connected from 127.0.0.1
Received 0703 containing Bytes 6
Sending pak 07ff containing 11 bytes
Received 0708 containing Bytes 50
Sending pak 0708 containing 25 bytes
Received 0704 containing Bytes 10
Sending pak 0704 containing 26 bytes
Received 070a containing Bytes 11
Sending pak 070a containing 27 bytes
User disconnected
User connected from 127.0.0.1
Received 0703 containing Bytes 6
Sending pak 07ff containing 11 bytes
Received 0708 containing Bytes 50
Sending pak 0708 containing 25 bytes
Received 0704 containing Bytes 10
Sending pak 0704 containing 26 bytes
Received 070a containing Bytes 11
Sending pak 070a containing 27 bytes
User disconnected
User connected from 127.0.0.1
Received 0703 containing Bytes 6
Sending pak 07ff containing 11 bytes
Received 0708 containing Bytes 50
Sending pak 0708 containing 25 bytes
Received 0704 containing Bytes 10
Sending pak 0704 containing 26 bytes
Received 070a containing Bytes 11
Sending pak 070a containing 27 bytes
User disconnected
User connected from 127.0.0.1
Received 0703 containing Bytes 6
Sending pak 07ff containing 11 bytes
Received 0708 containing Bytes 50
Sending pak 0708 containing 25 bytes
Received 0704 containing Bytes 10
Sending pak 0704 containing 26 bytes
Received 070a containing Bytes 11
Sending pak 070a containing 27 bytes
User disconnected
User connected from 127.0.0.1
Received 0703 containing Bytes 6
Sending pak 07ff containing 11 bytes
Received 0708 containing Bytes 50
Sending pak 0708 containing 25 bytes
Received 0704 containing Bytes 10
Sending pak 0704 containing 26 bytes
Received 070a containing Bytes 11
Sending pak 070a containing 27 bytes
User disconnected
User connected from 127.0.0.1
Received 0703 containing Bytes 6
Sending pak 07ff containing 11 bytes
Received 0708 containing Bytes 50
Sending pak 0708 containing 25 bytes
Received 0704 containing Bytes 10
Sending pak 0704 containing 26 bytes
Received 070a containing Bytes 11
Sending pak 070a containing 27 bytes
User disconnected
User connected from 127.0.0.1
Received 0703 containing Bytes 6
Sending pak 07ff containing 11 bytes
Received 0708 containing Bytes 50
Sending pak 0708 containing 25 bytes
Received 0704 containing Bytes 10
Sending pak 0704 containing 26 bytes
Received 070a containing Bytes 11
Sending pak 070a containing 27 bytes
User disconnected
