(SID:00000204) IN  0703: 
(SID:00000204) IN  0708: 38 30 66 32 65 66 38 64 31 32 31 64 39 62 36 64 63 62 35 30 31 39 61 35 61 33 37 35 64 62 39 32 70 75 72 70 6c 65 79 6f 75 6b 6f 00 
(SID:00000204) IN  0704: 01 00 00 00 
(SID:00000204) IN  070a: 01 00 00 00 02 
(SID:00000208) IN  070b: 06 00 00 00 38 30 66 32 65 66 38 64 31 32 31 64 39 62 36 64 63 62 35 30 31 39 61 35 61 33 37 35 64 62 39 32 
(SID:00000208) IN  0712: 
(SID:00000208) IN  0715: 00 00 00 70 75 72 70 6c 65 79 6f 75 6b 6f 00 
(SID:00000840) IN  070b: 06 00 00 00 38 30 66 32 65 66 38 64 31 32 31 64 39 62 36 64 63 62 35 30 31 39 61 35 61 33 37 35 64 62 39 32 
(SID:00000208) IN  07e0: 08 
(SID:00000208) IN  07e0: 0f 8e 00 dd 00 
(SID:00000208) IN  07e5: 03 
(SID:00000464) IN  0703: 
(SID:00000464) IN  0708: 38 30 66 32 65 66 38 64 31 32 31 64 39 62 36 64 63 62 35 30 31 39 61 35 61 33 37 35 64 62 39 32 70 75 72 70 6c 65 79 6f 75 6b 6f 00 
(SID:00000464) IN  0704: 01 00 00 00 
(SID:00000464) IN  070a: 01 00 00 00 02 
(SID:00000488) IN  070b: 06 00 00 00 38 30 66 32 65 66 38 64 31 32 31 64 39 62 36 64 63 62 35 30 31 39 61 35 61 33 37 35 64 62 39 32 
(SID:00000488) IN  0712: 
(SID:00000488) IN  0715: 00 00 00 70 75 72 70 6c 65 79 6f 75 6b 6f 00 
(SID:00000916) IN  070b: 06 00 00 00 38 30 66 32 65 66 38 64 31 32 31 64 39 62 36 64 63 62 35 30 31 39 61 35 61 33 37 35 64 62 39 32 
(SID:00000488) IN  07e0: 08 
(SID:00000488) IN  07e0: 0f 8e 00 dd 00 
(SID:00000488) IN  07e5: 03 
