Autosaving Every 60 minutes
Autosaving Every 60 minutes
Connecting to MySQL
MySQL Ping Timeout: 28740 seconds
Connected to MySQL server
opened ISC poort 29210
STB Data             
Could not load STB '3DData\STB\LIST_NPC.STB'
Could not load STB '3DData\STB\LIST_SKILL.STB'
Could not load STB '3DData\STB\LIST_STATUS.STB'
Could not load STB '3DData\STB\LIST_QUEST.STB'
Could not load STB '3DData\STB\LIST_FACEITEM.STB'
Could not load STB '3DData\STB\LIST_CAP.STB'
Could not load STB '3DData\STB\LIST_BODY.STB'
Could not load STB '3DData\STB\LIST_ARMS.STB'
Could not load STB '3DData\STB\LIST_FOOT.STB'
Could not load STB '3DData\STB\LIST_BACK.STB'
Could not load STB '3DData\STB\LIST_JEWEL.STB'
Could not load STB '3DData\STB\LIST_WEAPON.STB'
Could not load STB '3DData\STB\LIST_SUBWPN.STB'
Could not load STB '3DData\STB\LIST_USEITEM.STB'
Could not load STB '3DData\STB\LIST_JEMITEM.STB'
Could not load STB '3DData\STB\LIST_NATURAL.STB'
Could not load STB '3DData\STB\LIST_QUESTITEM.STB'
Could not load STB '3DData\STB\LIST_PAT.STB'
Could not load STB '3DData\STB\LIST_PRODUCT.STB'
Could not load STB '3DData\STB\LIST_SELL.STB'
Could not load STB '3DData\STB\LIST_ZONE.STB'
Could not load STB '3DData\STB\ITEM_DROP.STB'
Zone Data       
Consumible Data         
Sell Data         
Product Data         
Consumible Data         
Natural Data         
Jem Data         
Equip Data         
Item Stats         
Skills data            
Status Data             
Loading PYDrops Data
PYDrops loaded
Loading Skillbook data
Skillbook Data loaded
Loading database config
Config Data Loaded
NPC Data           
Telegates data       
RespawnZones data        
MobGroups data    
Autosaving Every 60 minutes
Connecting to MySQL
MySQL Ping Timeout: 28740 seconds
Connected to MySQL server
opened ISC poort 29210
STB Data             
Zone Data       
Consumible Data         
Sell Data         
Product Data         
Consumible Data         
Natural Data         
Jem Data         
Equip Data         
Item Stats         
Skills data            
Status Data             
Loading PYDrops Data
PYDrops loaded
Loading Skillbook data
Skillbook Data loaded
Loading database config
Config Data Loaded
NPC Data           
Telegates data       
RespawnZones data        
MobGroups data    
NPC spawn        
Monsters Spawn       
Refine Data      
Loading 3Ddata\QuestData\QV00-000.qsd                              
Loading 3Ddata\QuestData\mileage.qsd                              
Loading 3Ddata\QuestData\PvP-A.qsd                              
Loading 3Ddata\QuestData\PvP10.qsd                              
Loading 3Ddata\QuestData\QC001.qsd                              
Loading 3Ddata\QuestData\QJ000-01.qsd                              
Loading 3Ddata\QuestData\QJ111-01.qsd                              
Loading 3Ddata\QuestData\QJ211-01.qsd                              
Loading 3Ddata\QuestData\QJ311-01.qsd                              
Loading 3Ddata\QuestData\QJ411-01.qsd                              
Loading 3Ddata\QuestData\QJ111-06.qsd                              
Loading 3Ddata\QuestData\QJ211-06.qsd                              
Loading 3Ddata\QuestData\QJ311-06.qsd                              
Loading 3Ddata\QuestData\QJ411-06.qsd                              
Loading 3Ddata\QuestData\Tutorial.qsd                              
Loading 3Ddata\QuestData\QS10-001.qsd                              
Loading 3Ddata\QuestData\QS11-001.qsd                              
Loading 3Ddata\QuestData\QS12-001.qsd                              
Loading 3Ddata\QuestData\QS11-002.qsd                              
Loading 3Ddata\QuestData\QS12-002.qsd                              
Loading 3Ddata\QuestData\QE001.qsd                              
Loading 3Ddata\QuestData\QU01-001.qsd                              
Loading 3Ddata\QuestData\QU01-100.qsd                              
Loading 3Ddata\QuestData\PvP13-01.qsd                              
Loading 3Ddata\QuestData\QU03-001.qsd                              
Loading 3Ddata\QuestData\QU03-100.qsd                              
Loading 3Ddata\QuestData\QU04-001.qsd                              
Loading 3Ddata\QuestData\QU04-100.qsd                              
Loading 3Ddata\QuestData\QU05-001.qsd                              
Loading 3Ddata\QuestData\QU05-100.qsd                              
Loading 3Ddata\QuestData\QP101.qsd                              
Loading 3Ddata\QuestData\QP102.qsd                              
Loading 3Ddata\QuestData\QP103.qsd                              
Loading 3Ddata\QuestData\QP10-003.qsd                              
Loading 3Ddata\QuestData\QP201.qsd                              
Loading 3Ddata\QuestData\QL-104.qsd                              
Loading 3Ddata\QuestData\QN-001.qsd                              
Loading 3Ddata\QuestData\QN-002.qsd                              
Loading 3Ddata\QuestData\QN-003.qsd                              
Loading 3Ddata\QuestData\QN-011.qsd                              
Loading 3Ddata\QuestData\QN-012.qsd                              
Loading 3Ddata\QuestData\QN-013.qsd                              
Loading 3Ddata\QuestData\QN-015.qsd                              
Loading 3Ddata\QuestData\QN-021.qsd                              
Loading 3Ddata\QuestData\QN-022.qsd                              
Loading 3Ddata\QuestData\QN-023.qsd                              
Loading 3Ddata\QuestData\QN-031.qsd                              
Loading 3Ddata\QuestData\QN-032.qsd                              
Loading 3Ddata\QuestData\QN-041.qsd                              
Loading 3Ddata\QuestData\QN-042.qsd                              
Loading 3Ddata\QuestData\QN-043.qsd                              
Loading 3Ddata\QuestData\QN-044.qsd                              
Loading 3Ddata\QuestData\QN-045.qsd                              
Loading 3Ddata\QuestData\QN-049.qsd                              
Loading 3Ddata\QuestData\QN-051.qsd                              
Loading 3Ddata\QuestData\QN-052.qsd                              
Loading 3Ddata\QuestData\QN-053.qsd                              
Loading 3Ddata\QuestData\QN-061.qsd                              
Loading 3Ddata\QuestData\QN-062.qsd                              
Loading 3Ddata\QuestData\QN-064.qsd                              
Loading 3Ddata\QuestData\QN-067.qsd                              
Loading 3Ddata\QuestData\QN-068.qsd                              
Loading 3Ddata\QuestData\QN-069.qsd                              
Loading 3Ddata\QuestData\QN-071.qsd                              
Loading 3Ddata\QuestData\QN-072.qsd                              
Loading 3Ddata\QuestData\QN-073.qsd                              
Loading 3Ddata\QuestData\QN-074.qsd                              
Loading 3Ddata\QuestData\QN-075.qsd                              
Loading 3Ddata\QuestData\QN-081.qsd                              
Loading 3Ddata\QuestData\QN-082.qsd                              
Loading 3Ddata\QuestData\QN-084.qsd                              
Loading 3Ddata\QuestData\QN-085.qsd                              
Loading 3Ddata\QuestData\QN-087.qsd                              
Loading 3Ddata\QuestData\QN-088.qsd                              
Loading 3Ddata\QuestData\QN-091.qsd                              
Loading 3Ddata\QuestData\QN-092.qsd                              
Loading 3Ddata\QuestData\QN-093.qsd                              
Loading 3Ddata\QuestData\QN-096.qsd                              
Loading 3Ddata\QuestData\QN-101.qsd                              
Loading 3Ddata\QuestData\QN-102.qsd                              
Loading 3Ddata\QuestData\QN-103.qsd                              
Loading 3Ddata\QuestData\QN-111.qsd                              
Loading 3Ddata\QuestData\QN-112.qsd                              
Loading 3Ddata\QuestData\QN-113.qsd                              
Loading 3Ddata\QuestData\QN-114.qsd                              
Loading 3Ddata\QuestData\QN-121.qsd                              
Loading 3Ddata\QuestData\QN-122.qsd                              
Loading 3Ddata\QuestData\QN-132.qsd                              
Loading 3Ddata\QuestData\QN-133.qsd                              
Loading 3Ddata\QuestData\QN-134.qsd                              
Loading 3Ddata\QuestData\QN-135.qsd                              
Loading 3Ddata\QuestData\QN-136.qsd                              
Loading 3Ddata\QuestData\QN-142.qsd                              
Loading 3Ddata\QuestData\QN-143.qsd                              
Loading 3Ddata\QuestData\QN-151.qsd                              
Loading 3Ddata\QuestData\QN-152.qsd                              
Loading 3Ddata\QuestData\QN-153.qsd                              
Loading 3Ddata\QuestData\QN-154.qsd                              
Loading 3Ddata\QuestData\QN-155.qsd                              
Loading 3Ddata\QuestData\QN-156.qsd                              
Loading 3Ddata\QuestData\QN-157.qsd                              
Loading 3Ddata\QuestData\QN-158.qsd                              
Loading 3Ddata\QuestData\QN-164.qsd                              
Loading 3Ddata\QuestData\QN-165.qsd                              
Loading 3Ddata\QuestData\QN-166.qsd                              
Loading 3Ddata\QuestData\QN-169.qsd                              
Loading 3Ddata\QuestData\QN-172.qsd                              
Loading 3Ddata\QuestData\QN-173.qsd                              
Loading 3Ddata\QuestData\QN-175.qsd                              
Loading 3Ddata\QuestData\QN-176.qsd                              
Loading 3Ddata\QuestData\QN-181.qsd                              
Loading 3Ddata\QuestData\QN-182.qsd                              
Loading 3Ddata\QuestData\QN-183.qsd                              
Loading 3Ddata\QuestData\QN-185.qsd                              
Loading 3Ddata\QuestData\QN-186.qsd                              
Loading 3Ddata\QuestData\QN-201.qsd                              
Loading 3Ddata\QuestData\QN-203.qsd                              
Loading 3Ddata\QuestData\QN-205.qsd                              
Loading 3Ddata\QuestData\QN-207.qsd                              
Loading 3Ddata\QuestData\QN-208.qsd                              
Loading 3Ddata\QuestData\QN-209.qsd                              
Loading 3Ddata\QuestData\QN-211.qsd                              
Loading 3Ddata\QuestData\QN-212.qsd                              
Loading 3Ddata\QuestData\QN-261.qsd                              
Loading 3Ddata\QuestData\QN-271.qsd                              
Loading 3Ddata\QuestData\QN-272.qsd                              
Loading 3Ddata\QuestData\QN-273.qsd                              
Loading 3Ddata\QuestData\QN-274.qsd                              
Loading 3Ddata\QuestData\QN-275.qsd                              
Loading 3Ddata\QuestData\QN-276.qsd                              
Loading 3Ddata\QuestData\QN-277.qsd                              
Loading 3Ddata\QuestData\QN-278.qsd                              
Loading 3Ddata\QuestData\QN-279.qsd                              
Loading 3Ddata\QuestData\QN-281.qsd                              
Loading 3Ddata\QuestData\QN-282.qsd                              
Loading 3Ddata\QuestData\QN-287.qsd                              
Loading 3Ddata\QuestData\QN-309.qsd                              
Loading 3Ddata\QuestData\QN-351.qsd                              
Loading 3Ddata\QuestData\QN-352.qsd                              
Loading 3Ddata\QuestData\QN-353.qsd                              
Loading 3Ddata\QuestData\QN-354.qsd                              
Loading 3Ddata\QuestData\QN-401.qsd                              
Loading 3Ddata\QuestData\QN-402.qsd                              
Loading 3Ddata\QuestData\QN-403.qsd                              
Loading 3Ddata\QuestData\QN-405.qsd                              
Loading 3Ddata\QuestData\QN-406.qsd                              
Loading 3Ddata\QuestData\QN-408.qsd                              
Loading 3Ddata\QuestData\QN-409.qsd                              
Loading 3Ddata\QuestData\QN-410.qsd                              
Loading 3Ddata\QuestData\QN-451.qsd                              
Loading 3Ddata\QuestData\QN-452.qsd                              
Loading 3Ddata\QuestData\QN-453.qsd                              
Loading 3Ddata\QuestData\QN-711.qsd                              
Loading 3Ddata\QuestData\QN-712.qsd                              
Loading 3Ddata\QuestData\QN-713.qsd                              
Loading 3Ddata\QuestData\QN-714.qsd                              
Loading 3Ddata\QuestData\QN-715.qsd                              
Loading 3Ddata\QuestData\QN-716.qsd                              
Loading 3Ddata\QuestData\QN-717.qsd                              
Loading 3Ddata\QuestData\QN-718.qsd                              
Loading 3Ddata\QuestData\QN-719.qsd                              
Loading 3Ddata\QuestData\QN-720.qsd                              
Loading 3Ddata\QuestData\QN-721.qsd                              
Loading 3Ddata\QuestData\QN-722.qsd                              
Loading 3Ddata\QuestData\QN-723.qsd                              
Loading 3Ddata\QuestData\QN-724.qsd                              
Loading 3Ddata\QuestData\QN-725.qsd                              
Loading 3Ddata\QuestData\QN-726.qsd                              
Loading 3Ddata\QuestData\QN-727.qsd                              
Loading 3Ddata\QuestData\QN-728.qsd                              
Loading 3Ddata\QuestData\QN-729.qsd                              
Loading 3Ddata\QuestData\QN-730.qsd                              
Loading 3Ddata\QuestData\QN-731.qsd                              
Loading 3Ddata\QuestData\QN-732.qsd                              
Loading 3Ddata\QuestData\QN-733.qsd                              
Loading 3Ddata\QuestData\QN-734.qsd                              
Loading 3Ddata\QuestData\QN-735.qsd                              
Loading 3Ddata\QuestData\QN-736.qsd                              
Loading 3Ddata\QuestData\QN-737.qsd                              
Loading 3Ddata\QuestData\QN-738.qsd                              
Loading 3Ddata\QuestData\QN-739.qsd                              
Loading 3Ddata\QuestData\QN-740.qsd                              
Finished loading quest data                              
Finished loading aip data                              
Cleaning Connected Clients         
Database Loaded                      
Process Loaded. WorldDelay 700 | MapDelay 10 | VisualDelay 200
Server took 2.7560 seconds to load
Server started on port 29200 and is listening.
Server connected from 127.0.0.1
User connected from 127.0.0.1
User 'purpleyouko'(#6) logged in with character 'purpleyouko'
Autosaving Every 60 minutes
Autosaving Every 60 minutes
Connecting to MySQL
MySQL Ping Timeout: 28740 seconds
Connected to MySQL server
opened ISC poort 29210
STB Data             
Autosaving Every 60 minutes
Connecting to MySQL
MySQL Ping Timeout: 28740 seconds
Connected to MySQL server
opened ISC poort 29210
STB Data             
Autosaving Every 60 minutes
Connecting to MySQL
MySQL Ping Timeout: 28740 seconds
Connected to MySQL server
opened ISC poort 29210
STB Data             
Zone Data       
Consumible Data         
Sell Data         
Product Data         
Consumible Data         
Natural Data         
Jem Data         
Equip Data         
Item Stats         
Skills data            
Status Data             
Loading PYDrops Data
PYDrops loaded
Loading Skillbook data
Skillbook Data loaded
Loading database config
Config Data Loaded
NPC Data           
Telegates data       
RespawnZones data        
MobGroups data    
NPC spawn        
Monsters Spawn       
Refine Data      
Loading 3Ddata\QuestData\QV00-000.qsd                              
Loading 3Ddata\QuestData\mileage.qsd                              
Loading 3Ddata\QuestData\PvP-A.qsd                              
Loading 3Ddata\QuestData\PvP10.qsd                              
Loading 3Ddata\QuestData\QC001.qsd                              
Loading 3Ddata\QuestData\QJ000-01.qsd                              
Loading 3Ddata\QuestData\QJ111-01.qsd                              
Loading 3Ddata\QuestData\QJ211-01.qsd                              
Loading 3Ddata\QuestData\QJ311-01.qsd                              
Loading 3Ddata\QuestData\QJ411-01.qsd                              
Loading 3Ddata\QuestData\QJ111-06.qsd                              
Loading 3Ddata\QuestData\QJ211-06.qsd                              
Loading 3Ddata\QuestData\QJ311-06.qsd                              
Loading 3Ddata\QuestData\QJ411-06.qsd                              
Loading 3Ddata\QuestData\Tutorial.qsd                              
Loading 3Ddata\QuestData\QS10-001.qsd                              
Loading 3Ddata\QuestData\QS11-001.qsd                              
Loading 3Ddata\QuestData\QS12-001.qsd                              
Loading 3Ddata\QuestData\QS11-002.qsd                              
Loading 3Ddata\QuestData\QS12-002.qsd                              
Loading 3Ddata\QuestData\QE001.qsd                              
Loading 3Ddata\QuestData\QU01-001.qsd                              
Loading 3Ddata\QuestData\QU01-100.qsd                              
Loading 3Ddata\QuestData\PvP13-01.qsd                              
Loading 3Ddata\QuestData\QU03-001.qsd                              
Loading 3Ddata\QuestData\QU03-100.qsd                              
Loading 3Ddata\QuestData\QU04-001.qsd                              
Loading 3Ddata\QuestData\QU04-100.qsd                              
Loading 3Ddata\QuestData\QU05-001.qsd                              
Loading 3Ddata\QuestData\QU05-100.qsd                              
Loading 3Ddata\QuestData\QP101.qsd                              
Loading 3Ddata\QuestData\QP102.qsd                              
Loading 3Ddata\QuestData\QP103.qsd                              
Loading 3Ddata\QuestData\QP10-003.qsd                              
Loading 3Ddata\QuestData\QP201.qsd                              
Loading 3Ddata\QuestData\QL-104.qsd                              
Loading 3Ddata\QuestData\QN-001.qsd                              
Loading 3Ddata\QuestData\QN-002.qsd                              
Loading 3Ddata\QuestData\QN-003.qsd                              
Loading 3Ddata\QuestData\QN-011.qsd                              
Loading 3Ddata\QuestData\QN-012.qsd                              
Loading 3Ddata\QuestData\QN-013.qsd                              
Loading 3Ddata\QuestData\QN-015.qsd                              
Loading 3Ddata\QuestData\QN-021.qsd                              
Loading 3Ddata\QuestData\QN-022.qsd                              
Loading 3Ddata\QuestData\QN-023.qsd                              
Loading 3Ddata\QuestData\QN-031.qsd                              
Loading 3Ddata\QuestData\QN-032.qsd                              
Loading 3Ddata\QuestData\QN-041.qsd                              
Loading 3Ddata\QuestData\QN-042.qsd                              
Loading 3Ddata\QuestData\QN-043.qsd                              
Loading 3Ddata\QuestData\QN-044.qsd                              
Loading 3Ddata\QuestData\QN-045.qsd                              
Loading 3Ddata\QuestData\QN-049.qsd                              
Loading 3Ddata\QuestData\QN-051.qsd                              
Loading 3Ddata\QuestData\QN-052.qsd                              
Loading 3Ddata\QuestData\QN-053.qsd                              
Loading 3Ddata\QuestData\QN-061.qsd                              
Loading 3Ddata\QuestData\QN-062.qsd                              
Loading 3Ddata\QuestData\QN-064.qsd                              
Loading 3Ddata\QuestData\QN-067.qsd                              
Loading 3Ddata\QuestData\QN-068.qsd                              
Loading 3Ddata\QuestData\QN-069.qsd                              
Loading 3Ddata\QuestData\QN-071.qsd                              
Loading 3Ddata\QuestData\QN-072.qsd                              
Loading 3Ddata\QuestData\QN-073.qsd                              
Loading 3Ddata\QuestData\QN-074.qsd                              
Loading 3Ddata\QuestData\QN-075.qsd                              
Loading 3Ddata\QuestData\QN-081.qsd                              
Loading 3Ddata\QuestData\QN-082.qsd                              
Loading 3Ddata\QuestData\QN-084.qsd                              
Loading 3Ddata\QuestData\QN-085.qsd                              
Loading 3Ddata\QuestData\QN-087.qsd                              
Loading 3Ddata\QuestData\QN-088.qsd                              
Loading 3Ddata\QuestData\QN-091.qsd                              
Loading 3Ddata\QuestData\QN-092.qsd                              
Loading 3Ddata\QuestData\QN-093.qsd                              
Loading 3Ddata\QuestData\QN-096.qsd                              
Loading 3Ddata\QuestData\QN-101.qsd                              
Loading 3Ddata\QuestData\QN-102.qsd                              
Loading 3Ddata\QuestData\QN-103.qsd                              
Loading 3Ddata\QuestData\QN-111.qsd                              
Loading 3Ddata\QuestData\QN-112.qsd                              
Loading 3Ddata\QuestData\QN-113.qsd                              
Loading 3Ddata\QuestData\QN-114.qsd                              
Loading 3Ddata\QuestData\QN-121.qsd                              
Loading 3Ddata\QuestData\QN-122.qsd                              
Loading 3Ddata\QuestData\QN-132.qsd                              
Loading 3Ddata\QuestData\QN-133.qsd                              
Loading 3Ddata\QuestData\QN-134.qsd                              
Loading 3Ddata\QuestData\QN-135.qsd                              
Loading 3Ddata\QuestData\QN-136.qsd                              
Loading 3Ddata\QuestData\QN-142.qsd                              
Loading 3Ddata\QuestData\QN-143.qsd                              
Loading 3Ddata\QuestData\QN-151.qsd                              
Loading 3Ddata\QuestData\QN-152.qsd                              
Loading 3Ddata\QuestData\QN-153.qsd                              
Loading 3Ddata\QuestData\QN-154.qsd                              
Loading 3Ddata\QuestData\QN-155.qsd                              
Loading 3Ddata\QuestData\QN-156.qsd                              
Loading 3Ddata\QuestData\QN-157.qsd                              
Loading 3Ddata\QuestData\QN-158.qsd                              
Loading 3Ddata\QuestData\QN-164.qsd                              
Loading 3Ddata\QuestData\QN-165.qsd                              
Loading 3Ddata\QuestData\QN-166.qsd                              
Loading 3Ddata\QuestData\QN-169.qsd                              
Loading 3Ddata\QuestData\QN-172.qsd                              
Loading 3Ddata\QuestData\QN-173.qsd                              
Loading 3Ddata\QuestData\QN-175.qsd                              
Loading 3Ddata\QuestData\QN-176.qsd                              
Loading 3Ddata\QuestData\QN-181.qsd                              
Loading 3Ddata\QuestData\QN-182.qsd                              
Loading 3Ddata\QuestData\QN-183.qsd                              
Loading 3Ddata\QuestData\QN-185.qsd                              
Loading 3Ddata\QuestData\QN-186.qsd                              
Loading 3Ddata\QuestData\QN-201.qsd                              
Loading 3Ddata\QuestData\QN-203.qsd                              
Loading 3Ddata\QuestData\QN-205.qsd                              
Loading 3Ddata\QuestData\QN-207.qsd                              
Loading 3Ddata\QuestData\QN-208.qsd                              
Loading 3Ddata\QuestData\QN-209.qsd                              
Loading 3Ddata\QuestData\QN-211.qsd                              
Loading 3Ddata\QuestData\QN-212.qsd                              
Loading 3Ddata\QuestData\QN-261.qsd                              
Loading 3Ddata\QuestData\QN-271.qsd                              
Loading 3Ddata\QuestData\QN-272.qsd                              
Loading 3Ddata\QuestData\QN-273.qsd                              
Loading 3Ddata\QuestData\QN-274.qsd                              
Loading 3Ddata\QuestData\QN-275.qsd                              
Loading 3Ddata\QuestData\QN-276.qsd                              
Loading 3Ddata\QuestData\QN-277.qsd                              
Loading 3Ddata\QuestData\QN-278.qsd                              
Loading 3Ddata\QuestData\QN-279.qsd                              
Loading 3Ddata\QuestData\QN-281.qsd                              
Loading 3Ddata\QuestData\QN-282.qsd                              
Loading 3Ddata\QuestData\QN-287.qsd                              
Loading 3Ddata\QuestData\QN-309.qsd                              
Loading 3Ddata\QuestData\QN-351.qsd                              
Loading 3Ddata\QuestData\QN-352.qsd                              
Loading 3Ddata\QuestData\QN-353.qsd                              
Loading 3Ddata\QuestData\QN-354.qsd                              
Loading 3Ddata\QuestData\QN-401.qsd                              
Loading 3Ddata\QuestData\QN-402.qsd                              
Loading 3Ddata\QuestData\QN-403.qsd                              
Loading 3Ddata\QuestData\QN-405.qsd                              
Loading 3Ddata\QuestData\QN-406.qsd                              
Loading 3Ddata\QuestData\QN-408.qsd                              
Loading 3Ddata\QuestData\QN-409.qsd                              
Loading 3Ddata\QuestData\QN-410.qsd                              
Loading 3Ddata\QuestData\QN-451.qsd                              
Loading 3Ddata\QuestData\QN-452.qsd                              
Loading 3Ddata\QuestData\QN-453.qsd                              
Loading 3Ddata\QuestData\QN-711.qsd                              
Loading 3Ddata\QuestData\QN-712.qsd                              
Loading 3Ddata\QuestData\QN-713.qsd                              
Loading 3Ddata\QuestData\QN-714.qsd                              
Loading 3Ddata\QuestData\QN-715.qsd                              
Loading 3Ddata\QuestData\QN-716.qsd                              
Loading 3Ddata\QuestData\QN-717.qsd                              
Loading 3Ddata\QuestData\QN-718.qsd                              
Loading 3Ddata\QuestData\QN-719.qsd                              
Loading 3Ddata\QuestData\QN-720.qsd                              
Loading 3Ddata\QuestData\QN-721.qsd                              
Loading 3Ddata\QuestData\QN-722.qsd                              
Loading 3Ddata\QuestData\QN-723.qsd                              
Loading 3Ddata\QuestData\QN-724.qsd                              
Loading 3Ddata\QuestData\QN-725.qsd                              
Loading 3Ddata\QuestData\QN-726.qsd                              
Loading 3Ddata\QuestData\QN-727.qsd                              
Loading 3Ddata\QuestData\QN-728.qsd                              
Loading 3Ddata\QuestData\QN-729.qsd                              
Loading 3Ddata\QuestData\QN-730.qsd                              
Loading 3Ddata\QuestData\QN-731.qsd                              
Loading 3Ddata\QuestData\QN-732.qsd                              
Loading 3Ddata\QuestData\QN-733.qsd                              
Loading 3Ddata\QuestData\QN-734.qsd                              
Loading 3Ddata\QuestData\QN-735.qsd                              
Loading 3Ddata\QuestData\QN-736.qsd                              
Loading 3Ddata\QuestData\QN-737.qsd                              
Loading 3Ddata\QuestData\QN-738.qsd                              
Loading 3Ddata\QuestData\QN-739.qsd                              
Loading 3Ddata\QuestData\QN-740.qsd                              
Finished loading quest data                              
Finished loading aip data                              
Cleaning Connected Clients         
Database Loaded                      
Process Loaded. WorldDelay 700 | MapDelay 10 | VisualDelay 200
Server took 9.2650 seconds to load
Server started on port 29200 and is listening.
Server connected from 127.0.0.1
User connected from 127.0.0.1
User 'purpleyouko'(#6) logged in with character 'purpleyouko'
