F:\Triggersoft\osirose for modded hrose\Binary\LoginServerVS\Release\cl.command.1.tlog
F:\Triggersoft\osirose for modded hrose\Binary\LoginServerVS\Release\CL.read.1.tlog
F:\Triggersoft\osirose for modded hrose\Binary\LoginServerVS\Release\CL.write.1.tlog
F:\TRIGGERSOFT\OSIROSE FOR MODDED HROSE\BINARY\LOGINSERVERVS\RELEASE\CONFIG.OBJ
F:\TRIGGERSOFT\OSIROSE FOR MODDED HROSE\BINARY\LOGINSERVERVS\RELEASE\EXTRAFUNCTION.OBJ
F:\TRIGGERSOFT\OSIROSE FOR MODDED HROSE\BINARY\LOGINSERVERVS\RELEASE\GLOBALS.OBJ
F:\Triggersoft\osirose for modded hrose\Binary\LoginServerVS\Release\link.command.1.tlog
F:\Triggersoft\osirose for modded hrose\Binary\LoginServerVS\Release\link.read.1.tlog
F:\Triggersoft\osirose for modded hrose\Binary\LoginServerVS\Release\link.write.1.tlog
F:\TRIGGERSOFT\OSIROSE FOR MODDED HROSE\BINARY\LOGINSERVERVS\RELEASE\LOG.OBJ
F:\TRIGGERSOFT\OSIROSE FOR MODDED HROSE\BINARY\LOGINSERVERVS\RELEASE\LOGINCLIENT.OBJ
F:\TRIGGERSOFT\OSIROSE FOR MODDED HROSE\BINARY\LOGINSERVERVS\RELEASE\LOGINPACKETS.OBJ
F:\TRIGGERSOFT\OSIROSE FOR MODDED HROSE\BINARY\LOGINSERVERVS\RELEASE\LOGINSERVER.OBJ
F:\Triggersoft\osirose for modded hrose\Binary\LoginServerVS\Release\LoginServerVS.exp
F:\Triggersoft\osirose for modded hrose\Binary\LoginServerVS\Release\LoginServerVS.write.1.tlog
F:\TRIGGERSOFT\OSIROSE FOR MODDED HROSE\BINARY\LOGINSERVERVS\RELEASE\MAIN.OBJ
F:\TRIGGERSOFT\OSIROSE FOR MODDED HROSE\BINARY\LOGINSERVERVS\RELEASE\ROSECRYPT.OBJ
F:\TRIGGERSOFT\OSIROSE FOR MODDED HROSE\BINARY\LOGINSERVERVS\RELEASE\SIGNAL.OBJ
F:\TRIGGERSOFT\OSIROSE FOR MODDED HROSE\BINARY\LOGINSERVERVS\RELEASE\SOCKETBASE.OBJ
F:\TRIGGERSOFT\OSIROSE FOR MODDED HROSE\BINARY\LOGINSERVERVS\RELEASE\SOCKETCLIENT.OBJ
F:\TRIGGERSOFT\OSIROSE FOR MODDED HROSE\BINARY\LOGINSERVERVS\RELEASE\SOCKETSERVER.OBJ
F:\TRIGGERSOFT\OSIROSE FOR MODDED HROSE\BINARY\LOGINSERVERVS\RELEASE\VC100.PDB
