F:\TRIGGERSOFT\OSIROSE FOR MODDED HROSE\BINARY\WORLDSERVERVS\RELEASE\AIACTIONS.OBJ
F:\TRIGGERSOFT\OSIROSE FOR MODDED HROSE\BINARY\WORLDSERVERVS\RELEASE\AICONDITIONS.OBJ
F:\TRIGGERSOFT\OSIROSE FOR MODDED HROSE\BINARY\WORLDSERVERVS\RELEASE\AIP.OBJ
F:\TRIGGERSOFT\OSIROSE FOR MODDED HROSE\BINARY\WORLDSERVERVS\RELEASE\BATTLE.OBJ
F:\TRIGGERSOFT\OSIROSE FOR MODDED HROSE\BINARY\WORLDSERVERVS\RELEASE\BUFF.OBJ
F:\TRIGGERSOFT\OSIROSE FOR MODDED HROSE\BINARY\WORLDSERVERVS\RELEASE\CHARACTER.OBJ
F:\TRIGGERSOFT\OSIROSE FOR MODDED HROSE\BINARY\WORLDSERVERVS\RELEASE\CHAREVENT.OBJ
F:\TRIGGERSOFT\OSIROSE FOR MODDED HROSE\BINARY\WORLDSERVERVS\RELEASE\CHARFUNCTIONS.OBJ
F:\TRIGGERSOFT\OSIROSE FOR MODDED HROSE\BINARY\WORLDSERVERVS\RELEASE\CHARSTATS.OBJ
F:\Triggersoft\osirose for modded hrose\Binary\WorldServerVS\Release\cl.command.1.tlog
F:\Triggersoft\osirose for modded hrose\Binary\WorldServerVS\Release\CL.read.1.tlog
F:\Triggersoft\osirose for modded hrose\Binary\WorldServerVS\Release\CL.write.1.tlog
F:\TRIGGERSOFT\OSIROSE FOR MODDED HROSE\BINARY\WORLDSERVERVS\RELEASE\CLAN.OBJ
F:\TRIGGERSOFT\OSIROSE FOR MODDED HROSE\BINARY\WORLDSERVERVS\RELEASE\CONFIG.OBJ
F:\TRIGGERSOFT\OSIROSE FOR MODDED HROSE\BINARY\WORLDSERVERVS\RELEASE\DATABASE.OBJ
F:\TRIGGERSOFT\OSIROSE FOR MODDED HROSE\BINARY\WORLDSERVERVS\RELEASE\EXTRAFUNCTIONS.OBJ
F:\TRIGGERSOFT\OSIROSE FOR MODDED HROSE\BINARY\WORLDSERVERVS\RELEASE\GLOBALS.OBJ
F:\TRIGGERSOFT\OSIROSE FOR MODDED HROSE\BINARY\WORLDSERVERVS\RELEASE\GMCMDS.OBJ
F:\TRIGGERSOFT\OSIROSE FOR MODDED HROSE\BINARY\WORLDSERVERVS\RELEASE\ITEMDATA.OBJ
F:\TRIGGERSOFT\OSIROSE FOR MODDED HROSE\BINARY\WORLDSERVERVS\RELEASE\LOG.OBJ
F:\TRIGGERSOFT\OSIROSE FOR MODDED HROSE\BINARY\WORLDSERVERVS\RELEASE\MAIN.OBJ
F:\TRIGGERSOFT\OSIROSE FOR MODDED HROSE\BINARY\WORLDSERVERVS\RELEASE\MAINPROCESS.OBJ
F:\TRIGGERSOFT\OSIROSE FOR MODDED HROSE\BINARY\WORLDSERVERVS\RELEASE\MAPFUNCTIONS.OBJ
F:\TRIGGERSOFT\OSIROSE FOR MODDED HROSE\BINARY\WORLDSERVERVS\RELEASE\MONSTER.OBJ
F:\TRIGGERSOFT\OSIROSE FOR MODDED HROSE\BINARY\WORLDSERVERVS\RELEASE\MONSTEREVENTS.OBJ
F:\TRIGGERSOFT\OSIROSE FOR MODDED HROSE\BINARY\WORLDSERVERVS\RELEASE\MONSTERFUNCTIONS.OBJ
F:\TRIGGERSOFT\OSIROSE FOR MODDED HROSE\BINARY\WORLDSERVERVS\RELEASE\MONSTERSTATS.OBJ
F:\TRIGGERSOFT\OSIROSE FOR MODDED HROSE\BINARY\WORLDSERVERVS\RELEASE\PARTY.OBJ
F:\TRIGGERSOFT\OSIROSE FOR MODDED HROSE\BINARY\WORLDSERVERVS\RELEASE\PARTYFUNCTIONS.OBJ
F:\TRIGGERSOFT\OSIROSE FOR MODDED HROSE\BINARY\WORLDSERVERVS\RELEASE\PLAYER.OBJ
F:\TRIGGERSOFT\OSIROSE FOR MODDED HROSE\BINARY\WORLDSERVERVS\RELEASE\PLAYERDATA.OBJ
F:\TRIGGERSOFT\OSIROSE FOR MODDED HROSE\BINARY\WORLDSERVERVS\RELEASE\PLAYERFUNCTIONS.OBJ
F:\TRIGGERSOFT\OSIROSE FOR MODDED HROSE\BINARY\WORLDSERVERVS\RELEASE\PLAYERQUEST.OBJ
F:\TRIGGERSOFT\OSIROSE FOR MODDED HROSE\BINARY\WORLDSERVERVS\RELEASE\PLAYERSTATS.OBJ
F:\TRIGGERSOFT\OSIROSE FOR MODDED HROSE\BINARY\WORLDSERVERVS\RELEASE\QUESTACTIONS.OBJ
F:\TRIGGERSOFT\OSIROSE FOR MODDED HROSE\BINARY\WORLDSERVERVS\RELEASE\QUESTCONDITIONS.OBJ
F:\TRIGGERSOFT\OSIROSE FOR MODDED HROSE\BINARY\WORLDSERVERVS\RELEASE\QUESTS.OBJ
F:\TRIGGERSOFT\OSIROSE FOR MODDED HROSE\BINARY\WORLDSERVERVS\RELEASE\ROSECRYPT.OBJ
F:\TRIGGERSOFT\OSIROSE FOR MODDED HROSE\BINARY\WORLDSERVERVS\RELEASE\SERVERFUNCTIONS.OBJ
F:\TRIGGERSOFT\OSIROSE FOR MODDED HROSE\BINARY\WORLDSERVERVS\RELEASE\SOCKETBASE.OBJ
F:\TRIGGERSOFT\OSIROSE FOR MODDED HROSE\BINARY\WORLDSERVERVS\RELEASE\SOCKETCLIENT.OBJ
F:\TRIGGERSOFT\OSIROSE FOR MODDED HROSE\BINARY\WORLDSERVERVS\RELEASE\SOCKETSERVER.OBJ
F:\TRIGGERSOFT\OSIROSE FOR MODDED HROSE\BINARY\WORLDSERVERVS\RELEASE\STBHANDLER.OBJ
F:\TRIGGERSOFT\OSIROSE FOR MODDED HROSE\BINARY\WORLDSERVERVS\RELEASE\STRHASHING.OBJ
F:\Triggersoft\osirose for modded hrose\Binary\WorldServerVS\Release\vc100.pdb
F:\TRIGGERSOFT\OSIROSE FOR MODDED HROSE\BINARY\WORLDSERVERVS\RELEASE\WORLDMAP.OBJ
F:\TRIGGERSOFT\OSIROSE FOR MODDED HROSE\BINARY\WORLDSERVERVS\RELEASE\WORLDMONSTER.OBJ
F:\TRIGGERSOFT\OSIROSE FOR MODDED HROSE\BINARY\WORLDSERVERVS\RELEASE\WORLDPACKETS.OBJ
F:\TRIGGERSOFT\OSIROSE FOR MODDED HROSE\BINARY\WORLDSERVERVS\RELEASE\WORLDPROCESS.OBJ
F:\TRIGGERSOFT\OSIROSE FOR MODDED HROSE\BINARY\WORLDSERVERVS\RELEASE\WORLDSERVER.OBJ
F:\Triggersoft\osirose for modded hrose\Binary\WorldServerVS\Release\WorldServerVS.vcxprojResolveAssemblyReference.cache
F:\Triggersoft\osirose for modded hrose\Binary\WorldServerVS\Release\WorldServerVS.write.1.tlog
